<?xml version="1.0" encoding="UTF-8"?>
<!-- Generated by org.testng.reporters.JUnitReportReporter -->
<testsuite skipped="0" hostname="DESKTOP-4T45FM1" name="Testng.P2" tests="2" failures="0" timestamp="11 Apr 2020 10:11:36 GMT" time="123.435" errors="0">
  <testcase name="actiTitle" time="71.566" classname="Testng.P2"/>
  <testcase name="googleTitle" time="51.869" classname="Testng.P2"/>
</testsuite> <!-- Testng.P2 -->
