<?xml version="1.0" encoding="UTF-8"?>
<!-- Generated by org.testng.reporters.JUnitReportReporter -->
<testsuite skipped="0" hostname="DESKTOP-4T45FM1" name="QSP.P1" tests="2" failures="0" timestamp="11 Apr 2020 09:52:03 GMT" time="0.208" errors="0">
  <testcase name="cat" time="0.138" classname="QSP.P1"/>
  <testcase name="apple" time="0.070" classname="QSP.P1"/>
</testsuite> <!-- QSP.P1 -->
