<?xml version="1.0" encoding="UTF-8"?>
<!-- Generated by org.testng.reporters.JUnitReportReporter -->
<testsuite skipped="0" hostname="DESKTOP-4T45FM1" name="Testng.Assert2" tests="1" failures="0" timestamp="12 Apr 2020 10:38:09 GMT" time="180.304" errors="0">
  <testcase name="testTitle" time="180.304" classname="Testng.Assert2"/>
</testsuite> <!-- Testng.Assert2 -->
