<?xml version="1.0" encoding="UTF-8"?>
<!-- Generated by org.testng.reporters.JUnitReportReporter -->
<testsuite skipped="0" hostname="DESKTOP-4T45FM1" name="Testng.P3" tests="2" failures="0" timestamp="11 Apr 2020 10:19:47 GMT" time="0.095" errors="0">
  <testcase name="method1" time="0.067" classname="Testng.P3"/>
  <testcase name="method2" time="0.028" classname="Testng.P3"/>
</testsuite> <!-- Testng.P3 -->
